<?xml version="1.0" encoding="UTF-8"?>
<testsuite name="com.bridgelabz.MoodAnalyserTest" tests="1" skipped="0" failures="0" errors="0" timestamp="2019-11-25T06:28:41" hostname="admin1-LIVA-Z2V" time="0.009">
  <properties/>
  <testcase name="givenNull_ShoulThrowException" classname="com.bridgelabz.MoodAnalyserTest" time="0.009"/>
  <system-out><![CDATA[]]></system-out>
  <system-err><![CDATA[]]></system-err>
</testsuite>
